<?xml version="1.0" encoding="UTF-8"?>
<testng-results ignored="0" total="2" passed="2" failed="0" skipped="0">
  <reporter-output>
  </reporter-output>
  <suite started-at="2025-06-23T22:26:46 IST" name="Suite" finished-at="2025-06-23T22:27:38 IST" duration-ms="52004">
    <groups>
    </groups>
    <test started-at="2025-06-23T22:26:46 IST" name="Test" finished-at="2025-06-23T22:27:38 IST" duration-ms="52004">
      <class name="testSuite.RightCloumnoptionsTestSuite">
        <test-method is-config="true" signature="executionInitialization()[pri:0, instance:testSuite.RightCloumnoptionsTestSuite@1165b38]" started-at="2025-06-23T22:26:46 IST" name="executionInitialization" finished-at="2025-06-23T22:26:46 IST" duration-ms="23" status="PASS">
          <reporter-output>
          </reporter-output>
        </test-method> <!-- executionInitialization -->
        <test-method is-config="true" signature="initobjects()[pri:0, instance:testSuite.RightCloumnoptionsTestSuite@1165b38]" started-at="2025-06-23T22:26:46 IST" name="initobjects" finished-at="2025-06-23T22:26:46 IST" duration-ms="0" status="PASS">
          <reporter-output>
          </reporter-output>
        </test-method> <!-- initobjects -->
        <test-method is-config="true" signature="testSetUp()[pri:0, instance:testSuite.RightCloumnoptionsTestSuite@1165b38]" started-at="2025-06-23T22:26:46 IST" name="testSetUp" finished-at="2025-06-23T22:26:47 IST" duration-ms="996" status="PASS">
          <reporter-output>
          </reporter-output>
        </test-method> <!-- testSetUp -->
        <test-method signature="TC_1234_editAccountTest()[pri:0, instance:testSuite.RightCloumnoptionsTestSuite@1165b38]" started-at="2025-06-23T22:26:47 IST" name="TC_1234_editAccountTest" finished-at="2025-06-23T22:27:32 IST" duration-ms="44598" status="PASS">
          <reporter-output>
          </reporter-output>
        </test-method> <!-- TC_1234_editAccountTest -->
        <test-method is-config="true" signature="endTestSetup()[pri:0, instance:testSuite.RightCloumnoptionsTestSuite@1165b38]" started-at="2025-06-23T22:27:33 IST" name="endTestSetup" finished-at="2025-06-23T22:27:33 IST" duration-ms="108" status="PASS">
          <reporter-output>
          </reporter-output>
        </test-method> <!-- endTestSetup -->
        <test-method is-config="true" signature="testSetUp()[pri:0, instance:testSuite.RightCloumnoptionsTestSuite@1165b38]" started-at="2025-06-23T22:27:33 IST" name="testSetUp" finished-at="2025-06-23T22:27:33 IST" duration-ms="552" status="PASS">
          <reporter-output>
          </reporter-output>
        </test-method> <!-- testSetUp -->
        <test-method signature="TC_1234_editPasswordTest()[pri:0, instance:testSuite.RightCloumnoptionsTestSuite@1165b38]" started-at="2025-06-23T22:27:33 IST" name="TC_1234_editPasswordTest" finished-at="2025-06-23T22:27:37 IST" duration-ms="3962" status="PASS">
          <reporter-output>
          </reporter-output>
        </test-method> <!-- TC_1234_editPasswordTest -->
        <test-method is-config="true" signature="endTestSetup()[pri:0, instance:testSuite.RightCloumnoptionsTestSuite@1165b38]" started-at="2025-06-23T22:27:38 IST" name="endTestSetup" finished-at="2025-06-23T22:27:38 IST" duration-ms="94" status="PASS">
          <reporter-output>
          </reporter-output>
        </test-method> <!-- endTestSetup -->
        <test-method is-config="true" signature="tearDown()[pri:0, instance:testSuite.RightCloumnoptionsTestSuite@1165b38]" started-at="2025-06-23T22:27:38 IST" name="tearDown" finished-at="2025-06-23T22:27:38 IST" duration-ms="0" status="PASS">
          <reporter-output>
          </reporter-output>
        </test-method> <!-- tearDown -->
      </class> <!-- testSuite.RightCloumnoptionsTestSuite -->
    </test> <!-- Test -->
  </suite> <!-- Suite -->
</testng-results>
